The system is: Linux - 3.11.0-20-generic - x86_64
Compiling the C compiler identification source file "CMakeCCompilerId.c" succeeded.
Compiler: /usr/bin/cc 
Build flags: 
Id flags: 

The output was:
0


Compilation of the C compiler identification source "CMakeCCompilerId.c" produced "a.out"

The C compiler identification is GNU, found in "/home/chi/Downloads/robogen-master/build/CMakeFiles/2.8.11.2/CompilerIdC/a.out"

Compiling the CXX compiler identification source file "CMakeCXXCompilerId.cpp" succeeded.
Compiler: /usr/bin/c++ 
Build flags: 
Id flags: 

The output was:
0


Compilation of the CXX compiler identification source "CMakeCXXCompilerId.cpp" produced "a.out"

The CXX compiler identification is GNU, found in "/home/chi/Downloads/robogen-master/build/CMakeFiles/2.8.11.2/CompilerIdCXX/a.out"

Determining if the C compiler works passed with the following output:
Change Dir: /home/chi/Downloads/robogen-master/build/CMakeFiles/CMakeTmp

Run Build Command:/usr/bin/make "cmTryCompileExec3613667773/fast"
/usr/bin/make -f CMakeFiles/cmTryCompileExec3613667773.dir/build.make CMakeFiles/cmTryCompileExec3613667773.dir/build
make[1]: Entering directory `/home/chi/Downloads/robogen-master/build/CMakeFiles/CMakeTmp'
/usr/bin/cmake -E cmake_progress_report /home/chi/Downloads/robogen-master/build/CMakeFiles/CMakeTmp/CMakeFiles 1
Building C object CMakeFiles/cmTryCompileExec3613667773.dir/testCCompiler.c.o
/usr/bin/cc    -o CMakeFiles/cmTryCompileExec3613667773.dir/testCCompiler.c.o   -c /home/chi/Downloads/robogen-master/build/CMakeFiles/CMakeTmp/testCCompiler.c
Linking C executable cmTryCompileExec3613667773
/usr/bin/cmake -E cmake_link_script CMakeFiles/cmTryCompileExec3613667773.dir/link.txt --verbose=1
/usr/bin/cc         CMakeFiles/cmTryCompileExec3613667773.dir/testCCompiler.c.o  -o cmTryCompileExec3613667773 -rdynamic 
make[1]: Leaving directory `/home/chi/Downloads/robogen-master/build/CMakeFiles/CMakeTmp'


Detecting C compiler ABI info compiled with the following output:
Change Dir: /home/chi/Downloads/robogen-master/build/CMakeFiles/CMakeTmp

Run Build Command:/usr/bin/make "cmTryCompileExec1089923452/fast"
/usr/bin/make -f CMakeFiles/cmTryCompileExec1089923452.dir/build.make CMakeFiles/cmTryCompileExec1089923452.dir/build
make[1]: Entering directory `/home/chi/Downloads/robogen-master/build/CMakeFiles/CMakeTmp'
/usr/bin/cmake -E cmake_progress_report /home/chi/Downloads/robogen-master/build/CMakeFiles/CMakeTmp/CMakeFiles 1
Building C object CMakeFiles/cmTryCompileExec1089923452.dir/CMakeCCompilerABI.c.o
/usr/bin/cc    -o CMakeFiles/cmTryCompileExec1089923452.dir/CMakeCCompilerABI.c.o   -c /usr/share/cmake-2.8/Modules/CMakeCCompilerABI.c
Linking C executable cmTryCompileExec1089923452
/usr/bin/cmake -E cmake_link_script CMakeFiles/cmTryCompileExec1089923452.dir/link.txt --verbose=1
/usr/bin/cc       -v CMakeFiles/cmTryCompileExec1089923452.dir/CMakeCCompilerABI.c.o  -o cmTryCompileExec1089923452 -rdynamic  
Using built-in specs.
COLLECT_GCC=/usr/bin/cc
COLLECT_LTO_WRAPPER=/usr/lib/gcc/x86_64-linux-gnu/4.8/lto-wrapper
Target: x86_64-linux-gnu
Configured with: ../src/configure -v --with-pkgversion='Ubuntu/Linaro 4.8.1-10ubuntu9' --with-bugurl=file:///usr/share/doc/gcc-4.8/README.Bugs --enable-languages=c,c++,java,go,d,fortran,objc,obj-c++ --prefix=/usr --program-suffix=-4.8 --enable-shared --enable-linker-build-id --libexecdir=/usr/lib --without-included-gettext --enable-threads=posix --with-gxx-include-dir=/usr/include/c++/4.8 --libdir=/usr/lib --enable-nls --with-sysroot=/ --enable-clocale=gnu --enable-libstdcxx-debug --enable-libstdcxx-time=yes --enable-gnu-unique-object --enable-plugin --with-system-zlib --disable-browser-plugin --enable-java-awt=gtk --enable-gtk-cairo --with-java-home=/usr/lib/jvm/java-1.5.0-gcj-4.8-amd64/jre --enable-java-home --with-jvm-root-dir=/usr/lib/jvm/java-1.5.0-gcj-4.8-amd64 --with-jvm-jar-dir=/usr/lib/jvm-exports/java-1.5.0-gcj-4.8-amd64 --with-arch-directory=amd64 --with-ecj-jar=/usr/share/java/eclipse-ecj.jar --enable-objc-gc --enable-multiarch --disable-werror --with-arch-32=i686 --with-abi=m64 --with-multilib-list=m32,m64,mx32 --with-tune=generic --enable-checking=release --build=x86_64-linux-gnu --host=x86_64-linux-gnu --target=x86_64-linux-gnu
Thread model: posix
gcc version 4.8.1 (Ubuntu/Linaro 4.8.1-10ubuntu9) 
COMPILER_PATH=/usr/lib/gcc/x86_64-linux-gnu/4.8/:/usr/lib/gcc/x86_64-linux-gnu/4.8/:/usr/lib/gcc/x86_64-linux-gnu/:/usr/lib/gcc/x86_64-linux-gnu/4.8/:/usr/lib/gcc/x86_64-linux-gnu/
LIBRARY_PATH=/usr/lib/gcc/x86_64-linux-gnu/4.8/:/usr/lib/gcc/x86_64-linux-gnu/4.8/../../../x86_64-linux-gnu/:/usr/lib/gcc/x86_64-linux-gnu/4.8/../../../../lib/:/lib/x86_64-linux-gnu/:/lib/../lib/:/usr/lib/x86_64-linux-gnu/:/usr/lib/../lib/:/usr/lib/gcc/x86_64-linux-gnu/4.8/../../../:/lib/:/usr/lib/
COLLECT_GCC_OPTIONS='-v' '-o' 'cmTryCompileExec1089923452' '-rdynamic' '-mtune=generic' '-march=x86-64'
 /usr/lib/gcc/x86_64-linux-gnu/4.8/collect2 --sysroot=/ --build-id --eh-frame-hdr -m elf_x86_64 --hash-style=gnu --as-needed -export-dynamic -dynamic-linker /lib64/ld-linux-x86-64.so.2 -z relro -o cmTryCompileExec1089923452 /usr/lib/gcc/x86_64-linux-gnu/4.8/../../../x86_64-linux-gnu/crt1.o /usr/lib/gcc/x86_64-linux-gnu/4.8/../../../x86_64-linux-gnu/crti.o /usr/lib/gcc/x86_64-linux-gnu/4.8/crtbegin.o -L/usr/lib/gcc/x86_64-linux-gnu/4.8 -L/usr/lib/gcc/x86_64-linux-gnu/4.8/../../../x86_64-linux-gnu -L/usr/lib/gcc/x86_64-linux-gnu/4.8/../../../../lib -L/lib/x86_64-linux-gnu -L/lib/../lib -L/usr/lib/x86_64-linux-gnu -L/usr/lib/../lib -L/usr/lib/gcc/x86_64-linux-gnu/4.8/../../.. CMakeFiles/cmTryCompileExec1089923452.dir/CMakeCCompilerABI.c.o -lgcc --as-needed -lgcc_s --no-as-needed -lc -lgcc --as-needed -lgcc_s --no-as-needed /usr/lib/gcc/x86_64-linux-gnu/4.8/crtend.o /usr/lib/gcc/x86_64-linux-gnu/4.8/../../../x86_64-linux-gnu/crtn.o
make[1]: Leaving directory `/home/chi/Downloads/robogen-master/build/CMakeFiles/CMakeTmp'


Parsed C implicit link information from above output:
  link line regex: [^( *|.*[/\])(ld|ld|collect2)[^/\]*( |$)]
  ignore line: [Change Dir: /home/chi/Downloads/robogen-master/build/CMakeFiles/CMakeTmp]
  ignore line: []
  ignore line: [Run Build Command:/usr/bin/make "cmTryCompileExec1089923452/fast"]
  ignore line: [/usr/bin/make -f CMakeFiles/cmTryCompileExec1089923452.dir/build.make CMakeFiles/cmTryCompileExec1089923452.dir/build]
  ignore line: [make[1]: Entering directory `/home/chi/Downloads/robogen-master/build/CMakeFiles/CMakeTmp']
  ignore line: [/usr/bin/cmake -E cmake_progress_report /home/chi/Downloads/robogen-master/build/CMakeFiles/CMakeTmp/CMakeFiles 1]
  ignore line: [Building C object CMakeFiles/cmTryCompileExec1089923452.dir/CMakeCCompilerABI.c.o]
  ignore line: [/usr/bin/cc    -o CMakeFiles/cmTryCompileExec1089923452.dir/CMakeCCompilerABI.c.o   -c /usr/share/cmake-2.8/Modules/CMakeCCompilerABI.c]
  ignore line: [Linking C executable cmTryCompileExec1089923452]
  ignore line: [/usr/bin/cmake -E cmake_link_script CMakeFiles/cmTryCompileExec1089923452.dir/link.txt --verbose=1]
  ignore line: [/usr/bin/cc       -v CMakeFiles/cmTryCompileExec1089923452.dir/CMakeCCompilerABI.c.o  -o cmTryCompileExec1089923452 -rdynamic  ]
  ignore line: [Using built-in specs.]
  ignore line: [COLLECT_GCC=/usr/bin/cc]
  ignore line: [COLLECT_LTO_WRAPPER=/usr/lib/gcc/x86_64-linux-gnu/4.8/lto-wrapper]
  ignore line: [Target: x86_64-linux-gnu]
  ignore line: [Configured with: ../src/configure -v --with-pkgversion='Ubuntu/Linaro 4.8.1-10ubuntu9' --with-bugurl=file:///usr/share/doc/gcc-4.8/README.Bugs --enable-languages=c,c++,java,go,d,fortran,objc,obj-c++ --prefix=/usr --program-suffix=-4.8 --enable-shared --enable-linker-build-id --libexecdir=/usr/lib --without-included-gettext --enable-threads=posix --with-gxx-include-dir=/usr/include/c++/4.8 --libdir=/usr/lib --enable-nls --with-sysroot=/ --enable-clocale=gnu --enable-libstdcxx-debug --enable-libstdcxx-time=yes --enable-gnu-unique-object --enable-plugin --with-system-zlib --disable-browser-plugin --enable-java-awt=gtk --enable-gtk-cairo --with-java-home=/usr/lib/jvm/java-1.5.0-gcj-4.8-amd64/jre --enable-java-home --with-jvm-root-dir=/usr/lib/jvm/java-1.5.0-gcj-4.8-amd64 --with-jvm-jar-dir=/usr/lib/jvm-exports/java-1.5.0-gcj-4.8-amd64 --with-arch-directory=amd64 --with-ecj-jar=/usr/share/java/eclipse-ecj.jar --enable-objc-gc --enable-multiarch --disable-werror --with-arch-32=i686 --with-abi=m64 --with-multilib-list=m32,m64,mx32 --with-tune=generic --enable-checking=release --build=x86_64-linux-gnu --host=x86_64-linux-gnu --target=x86_64-linux-gnu]
  ignore line: [Thread model: posix]
  ignore line: [gcc version 4.8.1 (Ubuntu/Linaro 4.8.1-10ubuntu9) ]
  ignore line: [COMPILER_PATH=/usr/lib/gcc/x86_64-linux-gnu/4.8/:/usr/lib/gcc/x86_64-linux-gnu/4.8/:/usr/lib/gcc/x86_64-linux-gnu/:/usr/lib/gcc/x86_64-linux-gnu/4.8/:/usr/lib/gcc/x86_64-linux-gnu/]
  ignore line: [LIBRARY_PATH=/usr/lib/gcc/x86_64-linux-gnu/4.8/:/usr/lib/gcc/x86_64-linux-gnu/4.8/../../../x86_64-linux-gnu/:/usr/lib/gcc/x86_64-linux-gnu/4.8/../../../../lib/:/lib/x86_64-linux-gnu/:/lib/../lib/:/usr/lib/x86_64-linux-gnu/:/usr/lib/../lib/:/usr/lib/gcc/x86_64-linux-gnu/4.8/../../../:/lib/:/usr/lib/]
  ignore line: [COLLECT_GCC_OPTIONS='-v' '-o' 'cmTryCompileExec1089923452' '-rdynamic' '-mtune=generic' '-march=x86-64']
  link line: [ /usr/lib/gcc/x86_64-linux-gnu/4.8/collect2 --sysroot=/ --build-id --eh-frame-hdr -m elf_x86_64 --hash-style=gnu --as-needed -export-dynamic -dynamic-linker /lib64/ld-linux-x86-64.so.2 -z relro -o cmTryCompileExec1089923452 /usr/lib/gcc/x86_64-linux-gnu/4.8/../../../x86_64-linux-gnu/crt1.o /usr/lib/gcc/x86_64-linux-gnu/4.8/../../../x86_64-linux-gnu/crti.o /usr/lib/gcc/x86_64-linux-gnu/4.8/crtbegin.o -L/usr/lib/gcc/x86_64-linux-gnu/4.8 -L/usr/lib/gcc/x86_64-linux-gnu/4.8/../../../x86_64-linux-gnu -L/usr/lib/gcc/x86_64-linux-gnu/4.8/../../../../lib -L/lib/x86_64-linux-gnu -L/lib/../lib -L/usr/lib/x86_64-linux-gnu -L/usr/lib/../lib -L/usr/lib/gcc/x86_64-linux-gnu/4.8/../../.. CMakeFiles/cmTryCompileExec1089923452.dir/CMakeCCompilerABI.c.o -lgcc --as-needed -lgcc_s --no-as-needed -lc -lgcc --as-needed -lgcc_s --no-as-needed /usr/lib/gcc/x86_64-linux-gnu/4.8/crtend.o /usr/lib/gcc/x86_64-linux-gnu/4.8/../../../x86_64-linux-gnu/crtn.o]
    arg [/usr/lib/gcc/x86_64-linux-gnu/4.8/collect2] ==> ignore
    arg [--sysroot=/] ==> ignore
    arg [--build-id] ==> ignore
    arg [--eh-frame-hdr] ==> ignore
    arg [-m] ==> ignore
    arg [elf_x86_64] ==> ignore
    arg [--hash-style=gnu] ==> ignore
    arg [--as-needed] ==> ignore
    arg [-export-dynamic] ==> ignore
    arg [-dynamic-linker] ==> ignore
    arg [/lib64/ld-linux-x86-64.so.2] ==> ignore
    arg [-zrelro] ==> ignore
    arg [-o] ==> ignore
    arg [cmTryCompileExec1089923452] ==> ignore
    arg [/usr/lib/gcc/x86_64-linux-gnu/4.8/../../../x86_64-linux-gnu/crt1.o] ==> ignore
    arg [/usr/lib/gcc/x86_64-linux-gnu/4.8/../../../x86_64-linux-gnu/crti.o] ==> ignore
    arg [/usr/lib/gcc/x86_64-linux-gnu/4.8/crtbegin.o] ==> ignore
    arg [-L/usr/lib/gcc/x86_64-linux-gnu/4.8] ==> dir [/usr/lib/gcc/x86_64-linux-gnu/4.8]
    arg [-L/usr/lib/gcc/x86_64-linux-gnu/4.8/../../../x86_64-linux-gnu] ==> dir [/usr/lib/gcc/x86_64-linux-gnu/4.8/../../../x86_64-linux-gnu]
    arg [-L/usr/lib/gcc/x86_64-linux-gnu/4.8/../../../../lib] ==> dir [/usr/lib/gcc/x86_64-linux-gnu/4.8/../../../../lib]
    arg [-L/lib/x86_64-linux-gnu] ==> dir [/lib/x86_64-linux-gnu]
    arg [-L/lib/../lib] ==> dir [/lib/../lib]
    arg [-L/usr/lib/x86_64-linux-gnu] ==> dir [/usr/lib/x86_64-linux-gnu]
    arg [-L/usr/lib/../lib] ==> dir [/usr/lib/../lib]
    arg [-L/usr/lib/gcc/x86_64-linux-gnu/4.8/../../..] ==> dir [/usr/lib/gcc/x86_64-linux-gnu/4.8/../../..]
    arg [CMakeFiles/cmTryCompileExec1089923452.dir/CMakeCCompilerABI.c.o] ==> ignore
    arg [-lgcc] ==> lib [gcc]
    arg [--as-needed] ==> ignore
    arg [-lgcc_s] ==> lib [gcc_s]
    arg [--no-as-needed] ==> ignore
    arg [-lc] ==> lib [c]
    arg [-lgcc] ==> lib [gcc]
    arg [--as-needed] ==> ignore
    arg [-lgcc_s] ==> lib [gcc_s]
    arg [--no-as-needed] ==> ignore
    arg [/usr/lib/gcc/x86_64-linux-gnu/4.8/crtend.o] ==> ignore
    arg [/usr/lib/gcc/x86_64-linux-gnu/4.8/../../../x86_64-linux-gnu/crtn.o] ==> ignore
  remove lib [gcc]
  remove lib [gcc_s]
  remove lib [gcc]
  remove lib [gcc_s]
  collapse library dir [/usr/lib/gcc/x86_64-linux-gnu/4.8] ==> [/usr/lib/gcc/x86_64-linux-gnu/4.8]
  collapse library dir [/usr/lib/gcc/x86_64-linux-gnu/4.8/../../../x86_64-linux-gnu] ==> [/usr/lib/x86_64-linux-gnu]
  collapse library dir [/usr/lib/gcc/x86_64-linux-gnu/4.8/../../../../lib] ==> [/usr/lib]
  collapse library dir [/lib/x86_64-linux-gnu] ==> [/lib/x86_64-linux-gnu]
  collapse library dir [/lib/../lib] ==> [/lib]
  collapse library dir [/usr/lib/x86_64-linux-gnu] ==> [/usr/lib/x86_64-linux-gnu]
  collapse library dir [/usr/lib/../lib] ==> [/usr/lib]
  collapse library dir [/usr/lib/gcc/x86_64-linux-gnu/4.8/../../..] ==> [/usr/lib]
  implicit libs: [c]
  implicit dirs: [/usr/lib/gcc/x86_64-linux-gnu/4.8;/usr/lib/x86_64-linux-gnu;/usr/lib;/lib/x86_64-linux-gnu;/lib]
  implicit fwks: []


Determining if the CXX compiler works passed with the following output:
Change Dir: /home/chi/Downloads/robogen-master/build/CMakeFiles/CMakeTmp

Run Build Command:/usr/bin/make "cmTryCompileExec2209547544/fast"
/usr/bin/make -f CMakeFiles/cmTryCompileExec2209547544.dir/build.make CMakeFiles/cmTryCompileExec2209547544.dir/build
make[1]: Entering directory `/home/chi/Downloads/robogen-master/build/CMakeFiles/CMakeTmp'
/usr/bin/cmake -E cmake_progress_report /home/chi/Downloads/robogen-master/build/CMakeFiles/CMakeTmp/CMakeFiles 1
Building CXX object CMakeFiles/cmTryCompileExec2209547544.dir/testCXXCompiler.cxx.o
/usr/bin/c++     -o CMakeFiles/cmTryCompileExec2209547544.dir/testCXXCompiler.cxx.o -c /home/chi/Downloads/robogen-master/build/CMakeFiles/CMakeTmp/testCXXCompiler.cxx
Linking CXX executable cmTryCompileExec2209547544
/usr/bin/cmake -E cmake_link_script CMakeFiles/cmTryCompileExec2209547544.dir/link.txt --verbose=1
/usr/bin/c++          CMakeFiles/cmTryCompileExec2209547544.dir/testCXXCompiler.cxx.o  -o cmTryCompileExec2209547544 -rdynamic 
make[1]: Leaving directory `/home/chi/Downloads/robogen-master/build/CMakeFiles/CMakeTmp'


Detecting CXX compiler ABI info compiled with the following output:
Change Dir: /home/chi/Downloads/robogen-master/build/CMakeFiles/CMakeTmp

Run Build Command:/usr/bin/make "cmTryCompileExec3932568149/fast"
/usr/bin/make -f CMakeFiles/cmTryCompileExec3932568149.dir/build.make CMakeFiles/cmTryCompileExec3932568149.dir/build
make[1]: Entering directory `/home/chi/Downloads/robogen-master/build/CMakeFiles/CMakeTmp'
/usr/bin/cmake -E cmake_progress_report /home/chi/Downloads/robogen-master/build/CMakeFiles/CMakeTmp/CMakeFiles 1
Building CXX object CMakeFiles/cmTryCompileExec3932568149.dir/CMakeCXXCompilerABI.cpp.o
/usr/bin/c++     -o CMakeFiles/cmTryCompileExec3932568149.dir/CMakeCXXCompilerABI.cpp.o -c /usr/share/cmake-2.8/Modules/CMakeCXXCompilerABI.cpp
Linking CXX executable cmTryCompileExec3932568149
/usr/bin/cmake -E cmake_link_script CMakeFiles/cmTryCompileExec3932568149.dir/link.txt --verbose=1
/usr/bin/c++        -v CMakeFiles/cmTryCompileExec3932568149.dir/CMakeCXXCompilerABI.cpp.o  -o cmTryCompileExec3932568149 -rdynamic  
Using built-in specs.
COLLECT_GCC=/usr/bin/c++
COLLECT_LTO_WRAPPER=/usr/lib/gcc/x86_64-linux-gnu/4.8/lto-wrapper
Target: x86_64-linux-gnu
Configured with: ../src/configure -v --with-pkgversion='Ubuntu/Linaro 4.8.1-10ubuntu9' --with-bugurl=file:///usr/share/doc/gcc-4.8/README.Bugs --enable-languages=c,c++,java,go,d,fortran,objc,obj-c++ --prefix=/usr --program-suffix=-4.8 --enable-shared --enable-linker-build-id --libexecdir=/usr/lib --without-included-gettext --enable-threads=posix --with-gxx-include-dir=/usr/include/c++/4.8 --libdir=/usr/lib --enable-nls --with-sysroot=/ --enable-clocale=gnu --enable-libstdcxx-debug --enable-libstdcxx-time=yes --enable-gnu-unique-object --enable-plugin --with-system-zlib --disable-browser-plugin --enable-java-awt=gtk --enable-gtk-cairo --with-java-home=/usr/lib/jvm/java-1.5.0-gcj-4.8-amd64/jre --enable-java-home --with-jvm-root-dir=/usr/lib/jvm/java-1.5.0-gcj-4.8-amd64 --with-jvm-jar-dir=/usr/lib/jvm-exports/java-1.5.0-gcj-4.8-amd64 --with-arch-directory=amd64 --with-ecj-jar=/usr/share/java/eclipse-ecj.jar --enable-objc-gc --enable-multiarch --disable-werror --with-arch-32=i686 --with-abi=m64 --with-multilib-list=m32,m64,mx32 --with-tune=generic --enable-checking=release --build=x86_64-linux-gnu --host=x86_64-linux-gnu --target=x86_64-linux-gnu
Thread model: posix
gcc version 4.8.1 (Ubuntu/Linaro 4.8.1-10ubuntu9) 
COMPILER_PATH=/usr/lib/gcc/x86_64-linux-gnu/4.8/:/usr/lib/gcc/x86_64-linux-gnu/4.8/:/usr/lib/gcc/x86_64-linux-gnu/:/usr/lib/gcc/x86_64-linux-gnu/4.8/:/usr/lib/gcc/x86_64-linux-gnu/
LIBRARY_PATH=/usr/lib/gcc/x86_64-linux-gnu/4.8/:/usr/lib/gcc/x86_64-linux-gnu/4.8/../../../x86_64-linux-gnu/:/usr/lib/gcc/x86_64-linux-gnu/4.8/../../../../lib/:/lib/x86_64-linux-gnu/:/lib/../lib/:/usr/lib/x86_64-linux-gnu/:/usr/lib/../lib/:/usr/lib/gcc/x86_64-linux-gnu/4.8/../../../:/lib/:/usr/lib/
COLLECT_GCC_OPTIONS='-v' '-o' 'cmTryCompileExec3932568149' '-rdynamic' '-shared-libgcc' '-mtune=generic' '-march=x86-64'
 /usr/lib/gcc/x86_64-linux-gnu/4.8/collect2 --sysroot=/ --build-id --eh-frame-hdr -m elf_x86_64 --hash-style=gnu --as-needed -export-dynamic -dynamic-linker /lib64/ld-linux-x86-64.so.2 -z relro -o cmTryCompileExec3932568149 /usr/lib/gcc/x86_64-linux-gnu/4.8/../../../x86_64-linux-gnu/crt1.o /usr/lib/gcc/x86_64-linux-gnu/4.8/../../../x86_64-linux-gnu/crti.o /usr/lib/gcc/x86_64-linux-gnu/4.8/crtbegin.o -L/usr/lib/gcc/x86_64-linux-gnu/4.8 -L/usr/lib/gcc/x86_64-linux-gnu/4.8/../../../x86_64-linux-gnu -L/usr/lib/gcc/x86_64-linux-gnu/4.8/../../../../lib -L/lib/x86_64-linux-gnu -L/lib/../lib -L/usr/lib/x86_64-linux-gnu -L/usr/lib/../lib -L/usr/lib/gcc/x86_64-linux-gnu/4.8/../../.. CMakeFiles/cmTryCompileExec3932568149.dir/CMakeCXXCompilerABI.cpp.o -lstdc++ -lm -lgcc_s -lgcc -lc -lgcc_s -lgcc /usr/lib/gcc/x86_64-linux-gnu/4.8/crtend.o /usr/lib/gcc/x86_64-linux-gnu/4.8/../../../x86_64-linux-gnu/crtn.o
make[1]: Leaving directory `/home/chi/Downloads/robogen-master/build/CMakeFiles/CMakeTmp'


Parsed CXX implicit link information from above output:
  link line regex: [^( *|.*[/\])(ld|ld|collect2)[^/\]*( |$)]
  ignore line: [Change Dir: /home/chi/Downloads/robogen-master/build/CMakeFiles/CMakeTmp]
  ignore line: []
  ignore line: [Run Build Command:/usr/bin/make "cmTryCompileExec3932568149/fast"]
  ignore line: [/usr/bin/make -f CMakeFiles/cmTryCompileExec3932568149.dir/build.make CMakeFiles/cmTryCompileExec3932568149.dir/build]
  ignore line: [make[1]: Entering directory `/home/chi/Downloads/robogen-master/build/CMakeFiles/CMakeTmp']
  ignore line: [/usr/bin/cmake -E cmake_progress_report /home/chi/Downloads/robogen-master/build/CMakeFiles/CMakeTmp/CMakeFiles 1]
  ignore line: [Building CXX object CMakeFiles/cmTryCompileExec3932568149.dir/CMakeCXXCompilerABI.cpp.o]
  ignore line: [/usr/bin/c++     -o CMakeFiles/cmTryCompileExec3932568149.dir/CMakeCXXCompilerABI.cpp.o -c /usr/share/cmake-2.8/Modules/CMakeCXXCompilerABI.cpp]
  ignore line: [Linking CXX executable cmTryCompileExec3932568149]
  ignore line: [/usr/bin/cmake -E cmake_link_script CMakeFiles/cmTryCompileExec3932568149.dir/link.txt --verbose=1]
  ignore line: [/usr/bin/c++        -v CMakeFiles/cmTryCompileExec3932568149.dir/CMakeCXXCompilerABI.cpp.o  -o cmTryCompileExec3932568149 -rdynamic  ]
  ignore line: [Using built-in specs.]
  ignore line: [COLLECT_GCC=/usr/bin/c++]
  ignore line: [COLLECT_LTO_WRAPPER=/usr/lib/gcc/x86_64-linux-gnu/4.8/lto-wrapper]
  ignore line: [Target: x86_64-linux-gnu]
  ignore line: [Configured with: ../src/configure -v --with-pkgversion='Ubuntu/Linaro 4.8.1-10ubuntu9' --with-bugurl=file:///usr/share/doc/gcc-4.8/README.Bugs --enable-languages=c,c++,java,go,d,fortran,objc,obj-c++ --prefix=/usr --program-suffix=-4.8 --enable-shared --enable-linker-build-id --libexecdir=/usr/lib --without-included-gettext --enable-threads=posix --with-gxx-include-dir=/usr/include/c++/4.8 --libdir=/usr/lib --enable-nls --with-sysroot=/ --enable-clocale=gnu --enable-libstdcxx-debug --enable-libstdcxx-time=yes --enable-gnu-unique-object --enable-plugin --with-system-zlib --disable-browser-plugin --enable-java-awt=gtk --enable-gtk-cairo --with-java-home=/usr/lib/jvm/java-1.5.0-gcj-4.8-amd64/jre --enable-java-home --with-jvm-root-dir=/usr/lib/jvm/java-1.5.0-gcj-4.8-amd64 --with-jvm-jar-dir=/usr/lib/jvm-exports/java-1.5.0-gcj-4.8-amd64 --with-arch-directory=amd64 --with-ecj-jar=/usr/share/java/eclipse-ecj.jar --enable-objc-gc --enable-multiarch --disable-werror --with-arch-32=i686 --with-abi=m64 --with-multilib-list=m32,m64,mx32 --with-tune=generic --enable-checking=release --build=x86_64-linux-gnu --host=x86_64-linux-gnu --target=x86_64-linux-gnu]
  ignore line: [Thread model: posix]
  ignore line: [gcc version 4.8.1 (Ubuntu/Linaro 4.8.1-10ubuntu9) ]
  ignore line: [COMPILER_PATH=/usr/lib/gcc/x86_64-linux-gnu/4.8/:/usr/lib/gcc/x86_64-linux-gnu/4.8/:/usr/lib/gcc/x86_64-linux-gnu/:/usr/lib/gcc/x86_64-linux-gnu/4.8/:/usr/lib/gcc/x86_64-linux-gnu/]
  ignore line: [LIBRARY_PATH=/usr/lib/gcc/x86_64-linux-gnu/4.8/:/usr/lib/gcc/x86_64-linux-gnu/4.8/../../../x86_64-linux-gnu/:/usr/lib/gcc/x86_64-linux-gnu/4.8/../../../../lib/:/lib/x86_64-linux-gnu/:/lib/../lib/:/usr/lib/x86_64-linux-gnu/:/usr/lib/../lib/:/usr/lib/gcc/x86_64-linux-gnu/4.8/../../../:/lib/:/usr/lib/]
  ignore line: [COLLECT_GCC_OPTIONS='-v' '-o' 'cmTryCompileExec3932568149' '-rdynamic' '-shared-libgcc' '-mtune=generic' '-march=x86-64']
  link line: [ /usr/lib/gcc/x86_64-linux-gnu/4.8/collect2 --sysroot=/ --build-id --eh-frame-hdr -m elf_x86_64 --hash-style=gnu --as-needed -export-dynamic -dynamic-linker /lib64/ld-linux-x86-64.so.2 -z relro -o cmTryCompileExec3932568149 /usr/lib/gcc/x86_64-linux-gnu/4.8/../../../x86_64-linux-gnu/crt1.o /usr/lib/gcc/x86_64-linux-gnu/4.8/../../../x86_64-linux-gnu/crti.o /usr/lib/gcc/x86_64-linux-gnu/4.8/crtbegin.o -L/usr/lib/gcc/x86_64-linux-gnu/4.8 -L/usr/lib/gcc/x86_64-linux-gnu/4.8/../../../x86_64-linux-gnu -L/usr/lib/gcc/x86_64-linux-gnu/4.8/../../../../lib -L/lib/x86_64-linux-gnu -L/lib/../lib -L/usr/lib/x86_64-linux-gnu -L/usr/lib/../lib -L/usr/lib/gcc/x86_64-linux-gnu/4.8/../../.. CMakeFiles/cmTryCompileExec3932568149.dir/CMakeCXXCompilerABI.cpp.o -lstdc++ -lm -lgcc_s -lgcc -lc -lgcc_s -lgcc /usr/lib/gcc/x86_64-linux-gnu/4.8/crtend.o /usr/lib/gcc/x86_64-linux-gnu/4.8/../../../x86_64-linux-gnu/crtn.o]
    arg [/usr/lib/gcc/x86_64-linux-gnu/4.8/collect2] ==> ignore
    arg [--sysroot=/] ==> ignore
    arg [--build-id] ==> ignore
    arg [--eh-frame-hdr] ==> ignore
    arg [-m] ==> ignore
    arg [elf_x86_64] ==> ignore
    arg [--hash-style=gnu] ==> ignore
    arg [--as-needed] ==> ignore
    arg [-export-dynamic] ==> ignore
    arg [-dynamic-linker] ==> ignore
    arg [/lib64/ld-linux-x86-64.so.2] ==> ignore
    arg [-zrelro] ==> ignore
    arg [-o] ==> ignore
    arg [cmTryCompileExec3932568149] ==> ignore
    arg [/usr/lib/gcc/x86_64-linux-gnu/4.8/../../../x86_64-linux-gnu/crt1.o] ==> ignore
    arg [/usr/lib/gcc/x86_64-linux-gnu/4.8/../../../x86_64-linux-gnu/crti.o] ==> ignore
    arg [/usr/lib/gcc/x86_64-linux-gnu/4.8/crtbegin.o] ==> ignore
    arg [-L/usr/lib/gcc/x86_64-linux-gnu/4.8] ==> dir [/usr/lib/gcc/x86_64-linux-gnu/4.8]
    arg [-L/usr/lib/gcc/x86_64-linux-gnu/4.8/../../../x86_64-linux-gnu] ==> dir [/usr/lib/gcc/x86_64-linux-gnu/4.8/../../../x86_64-linux-gnu]
    arg [-L/usr/lib/gcc/x86_64-linux-gnu/4.8/../../../../lib] ==> dir [/usr/lib/gcc/x86_64-linux-gnu/4.8/../../../../lib]
    arg [-L/lib/x86_64-linux-gnu] ==> dir [/lib/x86_64-linux-gnu]
    arg [-L/lib/../lib] ==> dir [/lib/../lib]
    arg [-L/usr/lib/x86_64-linux-gnu] ==> dir [/usr/lib/x86_64-linux-gnu]
    arg [-L/usr/lib/../lib] ==> dir [/usr/lib/../lib]
    arg [-L/usr/lib/gcc/x86_64-linux-gnu/4.8/../../..] ==> dir [/usr/lib/gcc/x86_64-linux-gnu/4.8/../../..]
    arg [CMakeFiles/cmTryCompileExec3932568149.dir/CMakeCXXCompilerABI.cpp.o] ==> ignore
    arg [-lstdc++] ==> lib [stdc++]
    arg [-lm] ==> lib [m]
    arg [-lgcc_s] ==> lib [gcc_s]
    arg [-lgcc] ==> lib [gcc]
    arg [-lc] ==> lib [c]
    arg [-lgcc_s] ==> lib [gcc_s]
    arg [-lgcc] ==> lib [gcc]
    arg [/usr/lib/gcc/x86_64-linux-gnu/4.8/crtend.o] ==> ignore
    arg [/usr/lib/gcc/x86_64-linux-gnu/4.8/../../../x86_64-linux-gnu/crtn.o] ==> ignore
  remove lib [gcc_s]
  remove lib [gcc]
  remove lib [gcc_s]
  remove lib [gcc]
  collapse library dir [/usr/lib/gcc/x86_64-linux-gnu/4.8] ==> [/usr/lib/gcc/x86_64-linux-gnu/4.8]
  collapse library dir [/usr/lib/gcc/x86_64-linux-gnu/4.8/../../../x86_64-linux-gnu] ==> [/usr/lib/x86_64-linux-gnu]
  collapse library dir [/usr/lib/gcc/x86_64-linux-gnu/4.8/../../../../lib] ==> [/usr/lib]
  collapse library dir [/lib/x86_64-linux-gnu] ==> [/lib/x86_64-linux-gnu]
  collapse library dir [/lib/../lib] ==> [/lib]
  collapse library dir [/usr/lib/x86_64-linux-gnu] ==> [/usr/lib/x86_64-linux-gnu]
  collapse library dir [/usr/lib/../lib] ==> [/usr/lib]
  collapse library dir [/usr/lib/gcc/x86_64-linux-gnu/4.8/../../..] ==> [/usr/lib]
  implicit libs: [stdc++;m;c]
  implicit dirs: [/usr/lib/gcc/x86_64-linux-gnu/4.8;/usr/lib/x86_64-linux-gnu;/usr/lib;/lib/x86_64-linux-gnu;/lib]
  implicit fwks: []


Performing C SOURCE FILE Test check_c_compiler_flag_-march_core2 succeded with the following output:
Change Dir: /home/chi/Downloads/robogen-master/build/CMakeFiles/CMakeTmp

Run Build Command:/usr/bin/make "cmTryCompileExec889577393/fast"
/usr/bin/make -f CMakeFiles/cmTryCompileExec889577393.dir/build.make CMakeFiles/cmTryCompileExec889577393.dir/build
make[1]: Entering directory `/home/chi/Downloads/robogen-master/build/CMakeFiles/CMakeTmp'
/usr/bin/cmake -E cmake_progress_report /home/chi/Downloads/robogen-master/build/CMakeFiles/CMakeTmp/CMakeFiles 1
Building C object CMakeFiles/cmTryCompileExec889577393.dir/src.c.o
/usr/bin/cc   -Dcheck_c_compiler_flag_-march_core2   -march=core2 -o CMakeFiles/cmTryCompileExec889577393.dir/src.c.o   -c /home/chi/Downloads/robogen-master/build/CMakeFiles/CMakeTmp/src.c
<command-line>:0:23: warning: missing whitespace after the macro name [enabled by default]
Linking C executable cmTryCompileExec889577393
/usr/bin/cmake -E cmake_link_script CMakeFiles/cmTryCompileExec889577393.dir/link.txt --verbose=1
/usr/bin/cc     -Dcheck_c_compiler_flag_-march_core2    CMakeFiles/cmTryCompileExec889577393.dir/src.c.o  -o cmTryCompileExec889577393 -rdynamic 
make[1]: Leaving directory `/home/chi/Downloads/robogen-master/build/CMakeFiles/CMakeTmp'

Source file was:
int main(void) { return 0; }
Performing C++ SOURCE FILE Test check_cxx_compiler_flag_-march_core2 succeded with the following output:
Change Dir: /home/chi/Downloads/robogen-master/build/CMakeFiles/CMakeTmp

Run Build Command:/usr/bin/make "cmTryCompileExec2361780060/fast"
/usr/bin/make -f CMakeFiles/cmTryCompileExec2361780060.dir/build.make CMakeFiles/cmTryCompileExec2361780060.dir/build
make[1]: Entering directory `/home/chi/Downloads/robogen-master/build/CMakeFiles/CMakeTmp'
/usr/bin/cmake -E cmake_progress_report /home/chi/Downloads/robogen-master/build/CMakeFiles/CMakeTmp/CMakeFiles 1
Building CXX object CMakeFiles/cmTryCompileExec2361780060.dir/src.cxx.o
/usr/bin/c++    -Dcheck_cxx_compiler_flag_-march_core2   -march=core2 -o CMakeFiles/cmTryCompileExec2361780060.dir/src.cxx.o -c /home/chi/Downloads/robogen-master/build/CMakeFiles/CMakeTmp/src.cxx
<command-line>:0:25: warning: missing whitespace after the macro name [enabled by default]
Linking CXX executable cmTryCompileExec2361780060
/usr/bin/cmake -E cmake_link_script CMakeFiles/cmTryCompileExec2361780060.dir/link.txt --verbose=1
/usr/bin/c++      -Dcheck_cxx_compiler_flag_-march_core2    CMakeFiles/cmTryCompileExec2361780060.dir/src.cxx.o  -o cmTryCompileExec2361780060 -rdynamic 
make[1]: Leaving directory `/home/chi/Downloads/robogen-master/build/CMakeFiles/CMakeTmp'

Source file was:
int main() { return 0;}
Performing C SOURCE FILE Test check_c_compiler_flag_-msse2 succeded with the following output:
Change Dir: /home/chi/Downloads/robogen-master/build/CMakeFiles/CMakeTmp

Run Build Command:/usr/bin/make "cmTryCompileExec486952318/fast"
/usr/bin/make -f CMakeFiles/cmTryCompileExec486952318.dir/build.make CMakeFiles/cmTryCompileExec486952318.dir/build
make[1]: Entering directory `/home/chi/Downloads/robogen-master/build/CMakeFiles/CMakeTmp'
/usr/bin/cmake -E cmake_progress_report /home/chi/Downloads/robogen-master/build/CMakeFiles/CMakeTmp/CMakeFiles 1
Building C object CMakeFiles/cmTryCompileExec486952318.dir/src.c.o
/usr/bin/cc   -march=core2  -Dcheck_c_compiler_flag_-msse2   -msse2 -o CMakeFiles/cmTryCompileExec486952318.dir/src.c.o   -c /home/chi/Downloads/robogen-master/build/CMakeFiles/CMakeTmp/src.c
<command-line>:0:23: warning: missing whitespace after the macro name [enabled by default]
Linking C executable cmTryCompileExec486952318
/usr/bin/cmake -E cmake_link_script CMakeFiles/cmTryCompileExec486952318.dir/link.txt --verbose=1
/usr/bin/cc    -march=core2  -Dcheck_c_compiler_flag_-msse2    CMakeFiles/cmTryCompileExec486952318.dir/src.c.o  -o cmTryCompileExec486952318 -rdynamic 
make[1]: Leaving directory `/home/chi/Downloads/robogen-master/build/CMakeFiles/CMakeTmp'

Source file was:
int main(void) { return 0; }
Performing C++ SOURCE FILE Test check_cxx_compiler_flag_-msse2 succeded with the following output:
Change Dir: /home/chi/Downloads/robogen-master/build/CMakeFiles/CMakeTmp

Run Build Command:/usr/bin/make "cmTryCompileExec3169633512/fast"
/usr/bin/make -f CMakeFiles/cmTryCompileExec3169633512.dir/build.make CMakeFiles/cmTryCompileExec3169633512.dir/build
make[1]: Entering directory `/home/chi/Downloads/robogen-master/build/CMakeFiles/CMakeTmp'
/usr/bin/cmake -E cmake_progress_report /home/chi/Downloads/robogen-master/build/CMakeFiles/CMakeTmp/CMakeFiles 1
Building CXX object CMakeFiles/cmTryCompileExec3169633512.dir/src.cxx.o
/usr/bin/c++    -march=core2  -Dcheck_cxx_compiler_flag_-msse2   -msse2 -o CMakeFiles/cmTryCompileExec3169633512.dir/src.cxx.o -c /home/chi/Downloads/robogen-master/build/CMakeFiles/CMakeTmp/src.cxx
<command-line>:0:25: warning: missing whitespace after the macro name [enabled by default]
Linking CXX executable cmTryCompileExec3169633512
/usr/bin/cmake -E cmake_link_script CMakeFiles/cmTryCompileExec3169633512.dir/link.txt --verbose=1
/usr/bin/c++     -march=core2  -Dcheck_cxx_compiler_flag_-msse2    CMakeFiles/cmTryCompileExec3169633512.dir/src.cxx.o  -o cmTryCompileExec3169633512 -rdynamic 
make[1]: Leaving directory `/home/chi/Downloads/robogen-master/build/CMakeFiles/CMakeTmp'

Source file was:
int main() { return 0;}
Performing C SOURCE FILE Test check_c_compiler_flag_-msse3 succeded with the following output:
Change Dir: /home/chi/Downloads/robogen-master/build/CMakeFiles/CMakeTmp

Run Build Command:/usr/bin/make "cmTryCompileExec3350513824/fast"
/usr/bin/make -f CMakeFiles/cmTryCompileExec3350513824.dir/build.make CMakeFiles/cmTryCompileExec3350513824.dir/build
make[1]: Entering directory `/home/chi/Downloads/robogen-master/build/CMakeFiles/CMakeTmp'
/usr/bin/cmake -E cmake_progress_report /home/chi/Downloads/robogen-master/build/CMakeFiles/CMakeTmp/CMakeFiles 1
Building C object CMakeFiles/cmTryCompileExec3350513824.dir/src.c.o
/usr/bin/cc   -march=core2 -msse2  -Dcheck_c_compiler_flag_-msse3   -msse3 -o CMakeFiles/cmTryCompileExec3350513824.dir/src.c.o   -c /home/chi/Downloads/robogen-master/build/CMakeFiles/CMakeTmp/src.c
<command-line>:0:23: warning: missing whitespace after the macro name [enabled by default]
Linking C executable cmTryCompileExec3350513824
/usr/bin/cmake -E cmake_link_script CMakeFiles/cmTryCompileExec3350513824.dir/link.txt --verbose=1
/usr/bin/cc    -march=core2 -msse2  -Dcheck_c_compiler_flag_-msse3    CMakeFiles/cmTryCompileExec3350513824.dir/src.c.o  -o cmTryCompileExec3350513824 -rdynamic 
make[1]: Leaving directory `/home/chi/Downloads/robogen-master/build/CMakeFiles/CMakeTmp'

Source file was:
int main(void) { return 0; }
Performing C++ SOURCE FILE Test check_cxx_compiler_flag_-msse3 succeded with the following output:
Change Dir: /home/chi/Downloads/robogen-master/build/CMakeFiles/CMakeTmp

Run Build Command:/usr/bin/make "cmTryCompileExec1052064764/fast"
/usr/bin/make -f CMakeFiles/cmTryCompileExec1052064764.dir/build.make CMakeFiles/cmTryCompileExec1052064764.dir/build
make[1]: Entering directory `/home/chi/Downloads/robogen-master/build/CMakeFiles/CMakeTmp'
/usr/bin/cmake -E cmake_progress_report /home/chi/Downloads/robogen-master/build/CMakeFiles/CMakeTmp/CMakeFiles 1
Building CXX object CMakeFiles/cmTryCompileExec1052064764.dir/src.cxx.o
/usr/bin/c++    -march=core2 -msse2  -Dcheck_cxx_compiler_flag_-msse3   -msse3 -o CMakeFiles/cmTryCompileExec1052064764.dir/src.cxx.o -c /home/chi/Downloads/robogen-master/build/CMakeFiles/CMakeTmp/src.cxx
<command-line>:0:25: warning: missing whitespace after the macro name [enabled by default]
Linking CXX executable cmTryCompileExec1052064764
/usr/bin/cmake -E cmake_link_script CMakeFiles/cmTryCompileExec1052064764.dir/link.txt --verbose=1
/usr/bin/c++     -march=core2 -msse2  -Dcheck_cxx_compiler_flag_-msse3    CMakeFiles/cmTryCompileExec1052064764.dir/src.cxx.o  -o cmTryCompileExec1052064764 -rdynamic 
make[1]: Leaving directory `/home/chi/Downloads/robogen-master/build/CMakeFiles/CMakeTmp'

Source file was:
int main() { return 0;}
Performing C SOURCE FILE Test check_c_compiler_flag_-mssse3 succeded with the following output:
Change Dir: /home/chi/Downloads/robogen-master/build/CMakeFiles/CMakeTmp

Run Build Command:/usr/bin/make "cmTryCompileExec1573045416/fast"
/usr/bin/make -f CMakeFiles/cmTryCompileExec1573045416.dir/build.make CMakeFiles/cmTryCompileExec1573045416.dir/build
make[1]: Entering directory `/home/chi/Downloads/robogen-master/build/CMakeFiles/CMakeTmp'
/usr/bin/cmake -E cmake_progress_report /home/chi/Downloads/robogen-master/build/CMakeFiles/CMakeTmp/CMakeFiles 1
Building C object CMakeFiles/cmTryCompileExec1573045416.dir/src.c.o
/usr/bin/cc   -march=core2 -msse2 -msse3  -Dcheck_c_compiler_flag_-mssse3   -mssse3 -o CMakeFiles/cmTryCompileExec1573045416.dir/src.c.o   -c /home/chi/Downloads/robogen-master/build/CMakeFiles/CMakeTmp/src.c
<command-line>:0:23: warning: missing whitespace after the macro name [enabled by default]
Linking C executable cmTryCompileExec1573045416
/usr/bin/cmake -E cmake_link_script CMakeFiles/cmTryCompileExec1573045416.dir/link.txt --verbose=1
/usr/bin/cc    -march=core2 -msse2 -msse3  -Dcheck_c_compiler_flag_-mssse3    CMakeFiles/cmTryCompileExec1573045416.dir/src.c.o  -o cmTryCompileExec1573045416 -rdynamic 
make[1]: Leaving directory `/home/chi/Downloads/robogen-master/build/CMakeFiles/CMakeTmp'

Source file was:
int main(void) { return 0; }
Performing C++ SOURCE FILE Test check_cxx_compiler_flag_-mssse3 succeded with the following output:
Change Dir: /home/chi/Downloads/robogen-master/build/CMakeFiles/CMakeTmp

Run Build Command:/usr/bin/make "cmTryCompileExec1209436058/fast"
/usr/bin/make -f CMakeFiles/cmTryCompileExec1209436058.dir/build.make CMakeFiles/cmTryCompileExec1209436058.dir/build
make[1]: Entering directory `/home/chi/Downloads/robogen-master/build/CMakeFiles/CMakeTmp'
/usr/bin/cmake -E cmake_progress_report /home/chi/Downloads/robogen-master/build/CMakeFiles/CMakeTmp/CMakeFiles 1
Building CXX object CMakeFiles/cmTryCompileExec1209436058.dir/src.cxx.o
/usr/bin/c++    -march=core2 -msse2 -msse3  -Dcheck_cxx_compiler_flag_-mssse3   -mssse3 -o CMakeFiles/cmTryCompileExec1209436058.dir/src.cxx.o -c /home/chi/Downloads/robogen-master/build/CMakeFiles/CMakeTmp/src.cxx
<command-line>:0:25: warning: missing whitespace after the macro name [enabled by default]
Linking CXX executable cmTryCompileExec1209436058
/usr/bin/cmake -E cmake_link_script CMakeFiles/cmTryCompileExec1209436058.dir/link.txt --verbose=1
/usr/bin/c++     -march=core2 -msse2 -msse3  -Dcheck_cxx_compiler_flag_-mssse3    CMakeFiles/cmTryCompileExec1209436058.dir/src.cxx.o  -o cmTryCompileExec1209436058 -rdynamic 
make[1]: Leaving directory `/home/chi/Downloads/robogen-master/build/CMakeFiles/CMakeTmp'

Source file was:
int main() { return 0;}
Performing C SOURCE FILE Test check_c_compiler_flag_-mno-sse4.1 succeded with the following output:
Change Dir: /home/chi/Downloads/robogen-master/build/CMakeFiles/CMakeTmp

Run Build Command:/usr/bin/make "cmTryCompileExec1170847745/fast"
/usr/bin/make -f CMakeFiles/cmTryCompileExec1170847745.dir/build.make CMakeFiles/cmTryCompileExec1170847745.dir/build
make[1]: Entering directory `/home/chi/Downloads/robogen-master/build/CMakeFiles/CMakeTmp'
/usr/bin/cmake -E cmake_progress_report /home/chi/Downloads/robogen-master/build/CMakeFiles/CMakeTmp/CMakeFiles 1
Building C object CMakeFiles/cmTryCompileExec1170847745.dir/src.c.o
/usr/bin/cc   -march=core2 -msse2 -msse3 -mssse3  -Dcheck_c_compiler_flag_-mno-sse4.1   -mno-sse4.1 -o CMakeFiles/cmTryCompileExec1170847745.dir/src.c.o   -c /home/chi/Downloads/robogen-master/build/CMakeFiles/CMakeTmp/src.c
<command-line>:0:23: warning: missing whitespace after the macro name [enabled by default]
Linking C executable cmTryCompileExec1170847745
/usr/bin/cmake -E cmake_link_script CMakeFiles/cmTryCompileExec1170847745.dir/link.txt --verbose=1
/usr/bin/cc    -march=core2 -msse2 -msse3 -mssse3  -Dcheck_c_compiler_flag_-mno-sse4.1    CMakeFiles/cmTryCompileExec1170847745.dir/src.c.o  -o cmTryCompileExec1170847745 -rdynamic 
make[1]: Leaving directory `/home/chi/Downloads/robogen-master/build/CMakeFiles/CMakeTmp'

Source file was:
int main(void) { return 0; }
Performing C++ SOURCE FILE Test check_cxx_compiler_flag_-mno-sse4.1 succeded with the following output:
Change Dir: /home/chi/Downloads/robogen-master/build/CMakeFiles/CMakeTmp

Run Build Command:/usr/bin/make "cmTryCompileExec3662998195/fast"
/usr/bin/make -f CMakeFiles/cmTryCompileExec3662998195.dir/build.make CMakeFiles/cmTryCompileExec3662998195.dir/build
make[1]: Entering directory `/home/chi/Downloads/robogen-master/build/CMakeFiles/CMakeTmp'
/usr/bin/cmake -E cmake_progress_report /home/chi/Downloads/robogen-master/build/CMakeFiles/CMakeTmp/CMakeFiles 1
Building CXX object CMakeFiles/cmTryCompileExec3662998195.dir/src.cxx.o
/usr/bin/c++    -march=core2 -msse2 -msse3 -mssse3  -Dcheck_cxx_compiler_flag_-mno-sse4.1   -mno-sse4.1 -o CMakeFiles/cmTryCompileExec3662998195.dir/src.cxx.o -c /home/chi/Downloads/robogen-master/build/CMakeFiles/CMakeTmp/src.cxx
<command-line>:0:25: warning: missing whitespace after the macro name [enabled by default]
Linking CXX executable cmTryCompileExec3662998195
/usr/bin/cmake -E cmake_link_script CMakeFiles/cmTryCompileExec3662998195.dir/link.txt --verbose=1
/usr/bin/c++     -march=core2 -msse2 -msse3 -mssse3  -Dcheck_cxx_compiler_flag_-mno-sse4.1    CMakeFiles/cmTryCompileExec3662998195.dir/src.cxx.o  -o cmTryCompileExec3662998195 -rdynamic 
make[1]: Leaving directory `/home/chi/Downloads/robogen-master/build/CMakeFiles/CMakeTmp'

Source file was:
int main() { return 0;}
Performing C SOURCE FILE Test check_c_compiler_flag_-mno-sse4.2 succeded with the following output:
Change Dir: /home/chi/Downloads/robogen-master/build/CMakeFiles/CMakeTmp

Run Build Command:/usr/bin/make "cmTryCompileExec1114941720/fast"
/usr/bin/make -f CMakeFiles/cmTryCompileExec1114941720.dir/build.make CMakeFiles/cmTryCompileExec1114941720.dir/build
make[1]: Entering directory `/home/chi/Downloads/robogen-master/build/CMakeFiles/CMakeTmp'
/usr/bin/cmake -E cmake_progress_report /home/chi/Downloads/robogen-master/build/CMakeFiles/CMakeTmp/CMakeFiles 1
Building C object CMakeFiles/cmTryCompileExec1114941720.dir/src.c.o
/usr/bin/cc   -march=core2 -msse2 -msse3 -mssse3 -mno-sse4.1  -Dcheck_c_compiler_flag_-mno-sse4.2   -mno-sse4.2 -o CMakeFiles/cmTryCompileExec1114941720.dir/src.c.o   -c /home/chi/Downloads/robogen-master/build/CMakeFiles/CMakeTmp/src.c
<command-line>:0:23: warning: missing whitespace after the macro name [enabled by default]
Linking C executable cmTryCompileExec1114941720
/usr/bin/cmake -E cmake_link_script CMakeFiles/cmTryCompileExec1114941720.dir/link.txt --verbose=1
/usr/bin/cc    -march=core2 -msse2 -msse3 -mssse3 -mno-sse4.1  -Dcheck_c_compiler_flag_-mno-sse4.2    CMakeFiles/cmTryCompileExec1114941720.dir/src.c.o  -o cmTryCompileExec1114941720 -rdynamic 
make[1]: Leaving directory `/home/chi/Downloads/robogen-master/build/CMakeFiles/CMakeTmp'

Source file was:
int main(void) { return 0; }
Performing C++ SOURCE FILE Test check_cxx_compiler_flag_-mno-sse4.2 succeded with the following output:
Change Dir: /home/chi/Downloads/robogen-master/build/CMakeFiles/CMakeTmp

Run Build Command:/usr/bin/make "cmTryCompileExec263753380/fast"
/usr/bin/make -f CMakeFiles/cmTryCompileExec263753380.dir/build.make CMakeFiles/cmTryCompileExec263753380.dir/build
make[1]: Entering directory `/home/chi/Downloads/robogen-master/build/CMakeFiles/CMakeTmp'
/usr/bin/cmake -E cmake_progress_report /home/chi/Downloads/robogen-master/build/CMakeFiles/CMakeTmp/CMakeFiles 1
Building CXX object CMakeFiles/cmTryCompileExec263753380.dir/src.cxx.o
/usr/bin/c++    -march=core2 -msse2 -msse3 -mssse3 -mno-sse4.1  -Dcheck_cxx_compiler_flag_-mno-sse4.2   -mno-sse4.2 -o CMakeFiles/cmTryCompileExec263753380.dir/src.cxx.o -c /home/chi/Downloads/robogen-master/build/CMakeFiles/CMakeTmp/src.cxx
<command-line>:0:25: warning: missing whitespace after the macro name [enabled by default]
Linking CXX executable cmTryCompileExec263753380
/usr/bin/cmake -E cmake_link_script CMakeFiles/cmTryCompileExec263753380.dir/link.txt --verbose=1
/usr/bin/c++     -march=core2 -msse2 -msse3 -mssse3 -mno-sse4.1  -Dcheck_cxx_compiler_flag_-mno-sse4.2    CMakeFiles/cmTryCompileExec263753380.dir/src.cxx.o  -o cmTryCompileExec263753380 -rdynamic 
make[1]: Leaving directory `/home/chi/Downloads/robogen-master/build/CMakeFiles/CMakeTmp'

Source file was:
int main() { return 0;}
Performing C SOURCE FILE Test check_c_compiler_flag_-mno-sse4a succeded with the following output:
Change Dir: /home/chi/Downloads/robogen-master/build/CMakeFiles/CMakeTmp

Run Build Command:/usr/bin/make "cmTryCompileExec1807516477/fast"
/usr/bin/make -f CMakeFiles/cmTryCompileExec1807516477.dir/build.make CMakeFiles/cmTryCompileExec1807516477.dir/build
make[1]: Entering directory `/home/chi/Downloads/robogen-master/build/CMakeFiles/CMakeTmp'
/usr/bin/cmake -E cmake_progress_report /home/chi/Downloads/robogen-master/build/CMakeFiles/CMakeTmp/CMakeFiles 1
Building C object CMakeFiles/cmTryCompileExec1807516477.dir/src.c.o
/usr/bin/cc   -march=core2 -msse2 -msse3 -mssse3 -mno-sse4.1 -mno-sse4.2  -Dcheck_c_compiler_flag_-mno-sse4a   -mno-sse4a -o CMakeFiles/cmTryCompileExec1807516477.dir/src.c.o   -c /home/chi/Downloads/robogen-master/build/CMakeFiles/CMakeTmp/src.c
<command-line>:0:23: warning: missing whitespace after the macro name [enabled by default]
Linking C executable cmTryCompileExec1807516477
/usr/bin/cmake -E cmake_link_script CMakeFiles/cmTryCompileExec1807516477.dir/link.txt --verbose=1
/usr/bin/cc    -march=core2 -msse2 -msse3 -mssse3 -mno-sse4.1 -mno-sse4.2  -Dcheck_c_compiler_flag_-mno-sse4a    CMakeFiles/cmTryCompileExec1807516477.dir/src.c.o  -o cmTryCompileExec1807516477 -rdynamic 
make[1]: Leaving directory `/home/chi/Downloads/robogen-master/build/CMakeFiles/CMakeTmp'

Source file was:
int main(void) { return 0; }
Performing C++ SOURCE FILE Test check_cxx_compiler_flag_-mno-sse4a succeded with the following output:
Change Dir: /home/chi/Downloads/robogen-master/build/CMakeFiles/CMakeTmp

Run Build Command:/usr/bin/make "cmTryCompileExec551448553/fast"
/usr/bin/make -f CMakeFiles/cmTryCompileExec551448553.dir/build.make CMakeFiles/cmTryCompileExec551448553.dir/build
make[1]: Entering directory `/home/chi/Downloads/robogen-master/build/CMakeFiles/CMakeTmp'
/usr/bin/cmake -E cmake_progress_report /home/chi/Downloads/robogen-master/build/CMakeFiles/CMakeTmp/CMakeFiles 1
Building CXX object CMakeFiles/cmTryCompileExec551448553.dir/src.cxx.o
/usr/bin/c++    -march=core2 -msse2 -msse3 -mssse3 -mno-sse4.1 -mno-sse4.2  -Dcheck_cxx_compiler_flag_-mno-sse4a   -mno-sse4a -o CMakeFiles/cmTryCompileExec551448553.dir/src.cxx.o -c /home/chi/Downloads/robogen-master/build/CMakeFiles/CMakeTmp/src.cxx
<command-line>:0:25: warning: missing whitespace after the macro name [enabled by default]
Linking CXX executable cmTryCompileExec551448553
/usr/bin/cmake -E cmake_link_script CMakeFiles/cmTryCompileExec551448553.dir/link.txt --verbose=1
/usr/bin/c++     -march=core2 -msse2 -msse3 -mssse3 -mno-sse4.1 -mno-sse4.2  -Dcheck_cxx_compiler_flag_-mno-sse4a    CMakeFiles/cmTryCompileExec551448553.dir/src.cxx.o  -o cmTryCompileExec551448553 -rdynamic 
make[1]: Leaving directory `/home/chi/Downloads/robogen-master/build/CMakeFiles/CMakeTmp'

Source file was:
int main() { return 0;}
Performing C SOURCE FILE Test check_c_compiler_flag_-mno-avx succeded with the following output:
Change Dir: /home/chi/Downloads/robogen-master/build/CMakeFiles/CMakeTmp

Run Build Command:/usr/bin/make "cmTryCompileExec1470428595/fast"
/usr/bin/make -f CMakeFiles/cmTryCompileExec1470428595.dir/build.make CMakeFiles/cmTryCompileExec1470428595.dir/build
make[1]: Entering directory `/home/chi/Downloads/robogen-master/build/CMakeFiles/CMakeTmp'
/usr/bin/cmake -E cmake_progress_report /home/chi/Downloads/robogen-master/build/CMakeFiles/CMakeTmp/CMakeFiles 1
Building C object CMakeFiles/cmTryCompileExec1470428595.dir/src.c.o
/usr/bin/cc   -march=core2 -msse2 -msse3 -mssse3 -mno-sse4.1 -mno-sse4.2 -mno-sse4a  -Dcheck_c_compiler_flag_-mno-avx   -mno-avx -o CMakeFiles/cmTryCompileExec1470428595.dir/src.c.o   -c /home/chi/Downloads/robogen-master/build/CMakeFiles/CMakeTmp/src.c
<command-line>:0:23: warning: missing whitespace after the macro name [enabled by default]
Linking C executable cmTryCompileExec1470428595
/usr/bin/cmake -E cmake_link_script CMakeFiles/cmTryCompileExec1470428595.dir/link.txt --verbose=1
/usr/bin/cc    -march=core2 -msse2 -msse3 -mssse3 -mno-sse4.1 -mno-sse4.2 -mno-sse4a  -Dcheck_c_compiler_flag_-mno-avx    CMakeFiles/cmTryCompileExec1470428595.dir/src.c.o  -o cmTryCompileExec1470428595 -rdynamic 
make[1]: Leaving directory `/home/chi/Downloads/robogen-master/build/CMakeFiles/CMakeTmp'

Source file was:
int main(void) { return 0; }
Performing C++ SOURCE FILE Test check_cxx_compiler_flag_-mno-avx succeded with the following output:
Change Dir: /home/chi/Downloads/robogen-master/build/CMakeFiles/CMakeTmp

Run Build Command:/usr/bin/make "cmTryCompileExec6024053/fast"
/usr/bin/make -f CMakeFiles/cmTryCompileExec6024053.dir/build.make CMakeFiles/cmTryCompileExec6024053.dir/build
make[1]: Entering directory `/home/chi/Downloads/robogen-master/build/CMakeFiles/CMakeTmp'
/usr/bin/cmake -E cmake_progress_report /home/chi/Downloads/robogen-master/build/CMakeFiles/CMakeTmp/CMakeFiles 1
Building CXX object CMakeFiles/cmTryCompileExec6024053.dir/src.cxx.o
/usr/bin/c++    -march=core2 -msse2 -msse3 -mssse3 -mno-sse4.1 -mno-sse4.2 -mno-sse4a  -Dcheck_cxx_compiler_flag_-mno-avx   -mno-avx -o CMakeFiles/cmTryCompileExec6024053.dir/src.cxx.o -c /home/chi/Downloads/robogen-master/build/CMakeFiles/CMakeTmp/src.cxx
<command-line>:0:25: warning: missing whitespace after the macro name [enabled by default]
Linking CXX executable cmTryCompileExec6024053
/usr/bin/cmake -E cmake_link_script CMakeFiles/cmTryCompileExec6024053.dir/link.txt --verbose=1
/usr/bin/c++     -march=core2 -msse2 -msse3 -mssse3 -mno-sse4.1 -mno-sse4.2 -mno-sse4a  -Dcheck_cxx_compiler_flag_-mno-avx    CMakeFiles/cmTryCompileExec6024053.dir/src.cxx.o  -o cmTryCompileExec6024053 -rdynamic 
make[1]: Leaving directory `/home/chi/Downloads/robogen-master/build/CMakeFiles/CMakeTmp'

Source file was:
int main() { return 0;}
Performing C SOURCE FILE Test check_c_compiler_flag_-mno-xop succeded with the following output:
Change Dir: /home/chi/Downloads/robogen-master/build/CMakeFiles/CMakeTmp

Run Build Command:/usr/bin/make "cmTryCompileExec668221423/fast"
/usr/bin/make -f CMakeFiles/cmTryCompileExec668221423.dir/build.make CMakeFiles/cmTryCompileExec668221423.dir/build
make[1]: Entering directory `/home/chi/Downloads/robogen-master/build/CMakeFiles/CMakeTmp'
/usr/bin/cmake -E cmake_progress_report /home/chi/Downloads/robogen-master/build/CMakeFiles/CMakeTmp/CMakeFiles 1
Building C object CMakeFiles/cmTryCompileExec668221423.dir/src.c.o
/usr/bin/cc   -march=core2 -msse2 -msse3 -mssse3 -mno-sse4.1 -mno-sse4.2 -mno-sse4a -mno-avx  -Dcheck_c_compiler_flag_-mno-xop   -mno-xop -o CMakeFiles/cmTryCompileExec668221423.dir/src.c.o   -c /home/chi/Downloads/robogen-master/build/CMakeFiles/CMakeTmp/src.c
<command-line>:0:23: warning: missing whitespace after the macro name [enabled by default]
Linking C executable cmTryCompileExec668221423
/usr/bin/cmake -E cmake_link_script CMakeFiles/cmTryCompileExec668221423.dir/link.txt --verbose=1
/usr/bin/cc    -march=core2 -msse2 -msse3 -mssse3 -mno-sse4.1 -mno-sse4.2 -mno-sse4a -mno-avx  -Dcheck_c_compiler_flag_-mno-xop    CMakeFiles/cmTryCompileExec668221423.dir/src.c.o  -o cmTryCompileExec668221423 -rdynamic 
make[1]: Leaving directory `/home/chi/Downloads/robogen-master/build/CMakeFiles/CMakeTmp'

Source file was:
int main(void) { return 0; }
Performing C++ SOURCE FILE Test check_cxx_compiler_flag_-mno-xop succeded with the following output:
Change Dir: /home/chi/Downloads/robogen-master/build/CMakeFiles/CMakeTmp

Run Build Command:/usr/bin/make "cmTryCompileExec3506081926/fast"
/usr/bin/make -f CMakeFiles/cmTryCompileExec3506081926.dir/build.make CMakeFiles/cmTryCompileExec3506081926.dir/build
make[1]: Entering directory `/home/chi/Downloads/robogen-master/build/CMakeFiles/CMakeTmp'
/usr/bin/cmake -E cmake_progress_report /home/chi/Downloads/robogen-master/build/CMakeFiles/CMakeTmp/CMakeFiles 1
Building CXX object CMakeFiles/cmTryCompileExec3506081926.dir/src.cxx.o
/usr/bin/c++    -march=core2 -msse2 -msse3 -mssse3 -mno-sse4.1 -mno-sse4.2 -mno-sse4a -mno-avx  -Dcheck_cxx_compiler_flag_-mno-xop   -mno-xop -o CMakeFiles/cmTryCompileExec3506081926.dir/src.cxx.o -c /home/chi/Downloads/robogen-master/build/CMakeFiles/CMakeTmp/src.cxx
<command-line>:0:25: warning: missing whitespace after the macro name [enabled by default]
Linking CXX executable cmTryCompileExec3506081926
/usr/bin/cmake -E cmake_link_script CMakeFiles/cmTryCompileExec3506081926.dir/link.txt --verbose=1
/usr/bin/c++     -march=core2 -msse2 -msse3 -mssse3 -mno-sse4.1 -mno-sse4.2 -mno-sse4a -mno-avx  -Dcheck_cxx_compiler_flag_-mno-xop    CMakeFiles/cmTryCompileExec3506081926.dir/src.cxx.o  -o cmTryCompileExec3506081926 -rdynamic 
make[1]: Leaving directory `/home/chi/Downloads/robogen-master/build/CMakeFiles/CMakeTmp'

Source file was:
int main() { return 0;}
Performing C SOURCE FILE Test check_c_compiler_flag_-mno-fma4 succeded with the following output:
Change Dir: /home/chi/Downloads/robogen-master/build/CMakeFiles/CMakeTmp

Run Build Command:/usr/bin/make "cmTryCompileExec1506924270/fast"
/usr/bin/make -f CMakeFiles/cmTryCompileExec1506924270.dir/build.make CMakeFiles/cmTryCompileExec1506924270.dir/build
make[1]: Entering directory `/home/chi/Downloads/robogen-master/build/CMakeFiles/CMakeTmp'
/usr/bin/cmake -E cmake_progress_report /home/chi/Downloads/robogen-master/build/CMakeFiles/CMakeTmp/CMakeFiles 1
Building C object CMakeFiles/cmTryCompileExec1506924270.dir/src.c.o
/usr/bin/cc   -march=core2 -msse2 -msse3 -mssse3 -mno-sse4.1 -mno-sse4.2 -mno-sse4a -mno-avx -mno-xop  -Dcheck_c_compiler_flag_-mno-fma4   -mno-fma4 -o CMakeFiles/cmTryCompileExec1506924270.dir/src.c.o   -c /home/chi/Downloads/robogen-master/build/CMakeFiles/CMakeTmp/src.c
<command-line>:0:23: warning: missing whitespace after the macro name [enabled by default]
Linking C executable cmTryCompileExec1506924270
/usr/bin/cmake -E cmake_link_script CMakeFiles/cmTryCompileExec1506924270.dir/link.txt --verbose=1
/usr/bin/cc    -march=core2 -msse2 -msse3 -mssse3 -mno-sse4.1 -mno-sse4.2 -mno-sse4a -mno-avx -mno-xop  -Dcheck_c_compiler_flag_-mno-fma4    CMakeFiles/cmTryCompileExec1506924270.dir/src.c.o  -o cmTryCompileExec1506924270 -rdynamic 
make[1]: Leaving directory `/home/chi/Downloads/robogen-master/build/CMakeFiles/CMakeTmp'

Source file was:
int main(void) { return 0; }
Performing C++ SOURCE FILE Test check_cxx_compiler_flag_-mno-fma4 succeded with the following output:
Change Dir: /home/chi/Downloads/robogen-master/build/CMakeFiles/CMakeTmp

Run Build Command:/usr/bin/make "cmTryCompileExec318598486/fast"
/usr/bin/make -f CMakeFiles/cmTryCompileExec318598486.dir/build.make CMakeFiles/cmTryCompileExec318598486.dir/build
make[1]: Entering directory `/home/chi/Downloads/robogen-master/build/CMakeFiles/CMakeTmp'
/usr/bin/cmake -E cmake_progress_report /home/chi/Downloads/robogen-master/build/CMakeFiles/CMakeTmp/CMakeFiles 1
Building CXX object CMakeFiles/cmTryCompileExec318598486.dir/src.cxx.o
/usr/bin/c++    -march=core2 -msse2 -msse3 -mssse3 -mno-sse4.1 -mno-sse4.2 -mno-sse4a -mno-avx -mno-xop  -Dcheck_cxx_compiler_flag_-mno-fma4   -mno-fma4 -o CMakeFiles/cmTryCompileExec318598486.dir/src.cxx.o -c /home/chi/Downloads/robogen-master/build/CMakeFiles/CMakeTmp/src.cxx
<command-line>:0:25: warning: missing whitespace after the macro name [enabled by default]
Linking CXX executable cmTryCompileExec318598486
/usr/bin/cmake -E cmake_link_script CMakeFiles/cmTryCompileExec318598486.dir/link.txt --verbose=1
/usr/bin/c++     -march=core2 -msse2 -msse3 -mssse3 -mno-sse4.1 -mno-sse4.2 -mno-sse4a -mno-avx -mno-xop  -Dcheck_cxx_compiler_flag_-mno-fma4    CMakeFiles/cmTryCompileExec318598486.dir/src.cxx.o  -o cmTryCompileExec318598486 -rdynamic 
make[1]: Leaving directory `/home/chi/Downloads/robogen-master/build/CMakeFiles/CMakeTmp'

Source file was:
int main() { return 0;}
